<?xml version="1.0" encoding="UTF-8"?>
<testsuite xmlns:xsi="http://www.w3.org/2001/XMLSchema-instance" xsi:noNamespaceSchemaLocation="https://maven.apache.org/surefire/maven-surefire-plugin/xsd/surefire-test-report-3.0.xsd" version="3.0" name="TestSuite" time="31.039" tests="2" errors="0" skipped="0" failures="2">
  <properties>
[...]
</properties>
  <testcase name="fileIngestion" classname="Ingestion.UserIngestion" time="15.798">
    <failure message="JSONObject[&quot;pilotId&quot;] is not a string (class java.lang.Integer : 10057)." type="org.json.JSONException"><![CDATA[org.json.JSONException: JSONObject["pilotId"] is not a string (class java.lang.Integer : 10057).
	at org.json.JSONObject.wrongValueFormatException(JSONObject.java:2702)
	at org.json.JSONObject.getString(JSONObject.java:861)
	at ResponseValidation.IngestionValidations.validateUserDetails(IngestionValidations.java:41)
	at Ingestion.UserIngestion.fileIngestion(UserIngestion.java:97)
	at java.base/jdk.internal.reflect.DirectMethodHandleAccessor.invoke(DirectMethodHandleAccessor.java:104)
	at java.base/java.lang.reflect.Method.invoke(Method.java:578)
	at org.testng.internal.invokers.MethodInvocationHelper.invokeMethod(MethodInvocationHelper.java:139)
	at org.testng.internal.invokers.TestInvoker.invokeMethod(TestInvoker.java:677)
	at org.testng.internal.invokers.TestInvoker.invokeTestMethod(TestInvoker.java:221)
	at org.testng.internal.invokers.MethodRunner.runInSequence(MethodRunner.java:50)
	at org.testng.internal.invokers.TestInvoker$MethodInvocationAgent.invoke(TestInvoker.java:969)
	at org.testng.internal.invokers.TestInvoker.invokeTestMethods(TestInvoker.java:194)
	at org.testng.internal.invokers.TestMethodWorker.invokeTestMethods(TestMethodWorker.java:148)
	at org.testng.internal.invokers.TestMethodWorker.run(TestMethodWorker.java:128)
	at java.base/java.util.ArrayList.forEach(ArrayList.java:1511)
	at org.testng.TestRunner.privateRun(TestRunner.java:829)
	at org.testng.TestRunner.run(TestRunner.java:602)
	at org.testng.SuiteRunner.runTest(SuiteRunner.java:437)
	at org.testng.SuiteRunner.runSequentially(SuiteRunner.java:431)
	at org.testng.SuiteRunner.privateRun(SuiteRunner.java:391)
	at org.testng.SuiteRunner.run(SuiteRunner.java:330)
	at org.testng.SuiteRunnerWorker.runSuite(SuiteRunnerWorker.java:52)
	at org.testng.SuiteRunnerWorker.run(SuiteRunnerWorker.java:95)
	at org.testng.TestNG.runSuitesSequentially(TestNG.java:1256)
	at org.testng.TestNG.runSuitesLocally(TestNG.java:1176)
	at org.testng.TestNG.runSuites(TestNG.java:1099)
	at org.testng.TestNG.run(TestNG.java:1067)
	at org.apache.maven.surefire.testng.TestNGExecutor.run(TestNGExecutor.java:324)
	at org.apache.maven.surefire.testng.TestNGXmlTestSuite.execute(TestNGXmlTestSuite.java:74)
	at org.apache.maven.surefire.testng.TestNGProvider.invoke(TestNGProvider.java:123)
	at java.base/jdk.internal.reflect.DirectMethodHandleAccessor.invoke(DirectMethodHandleAccessor.java:104)
	at java.base/java.lang.reflect.Method.invoke(Method.java:578)
	at org.apache.maven.surefire.api.util.ReflectionUtils.invokeMethodWithArray2(ReflectionUtils.java:183)
	at org.apache.maven.surefire.booter.ProviderFactory$ProviderProxy.invoke(ProviderFactory.java:161)
	at org.apache.maven.surefire.booter.ProviderFactory.invokeProvider(ProviderFactory.java:85)
	at org.apache.maven.plugin.surefire.InPluginVMSurefireStarter.runSuitesInProcess(InPluginVMSurefireStarter.java:92)
	at org.apache.maven.plugin.surefire.AbstractSurefireMojo.executeProvider(AbstractSurefireMojo.java:1310)
	at org.apache.maven.plugin.surefire.AbstractSurefireMojo.executeAfterPreconditionsChecked(AbstractSurefireMojo.java:1167)
	at org.apache.maven.plugin.surefire.AbstractSurefireMojo.execute(AbstractSurefireMojo.java:931)
	at org.apache.maven.plugin.DefaultBuildPluginManager.executeMojo(DefaultBuildPluginManager.java:126)
	at org.apache.maven.lifecycle.internal.MojoExecutor.doExecute2(MojoExecutor.java:342)
	at org.apache.maven.lifecycle.internal.MojoExecutor.doExecute(MojoExecutor.java:330)
	at org.apache.maven.lifecycle.internal.MojoExecutor.execute(MojoExecutor.java:213)
	at org.apache.maven.lifecycle.internal.MojoExecutor.execute(MojoExecutor.java:175)
	at org.apache.maven.lifecycle.internal.MojoExecutor.access$000(MojoExecutor.java:76)
	at org.apache.maven.lifecycle.internal.MojoExecutor$1.run(MojoExecutor.java:163)
	at org.apache.maven.plugin.DefaultMojosExecutionStrategy.execute(DefaultMojosExecutionStrategy.java:39)
	at org.apache.maven.lifecycle.internal.MojoExecutor.execute(MojoExecutor.java:160)
	at org.apache.maven.lifecycle.internal.LifecycleModuleBuilder.buildProject(LifecycleModuleBuilder.java:105)
	at org.apache.maven.lifecycle.internal.LifecycleModuleBuilder.buildProject(LifecycleModuleBuilder.java:73)
	at org.apache.maven.lifecycle.internal.builder.singlethreaded.SingleThreadedBuilder.build(SingleThreadedBuilder.java:53)
	at org.apache.maven.lifecycle.internal.LifecycleStarter.execute(LifecycleStarter.java:118)
	at org.apache.maven.DefaultMaven.doExecute(DefaultMaven.java:261)
	at org.apache.maven.DefaultMaven.doExecute(DefaultMaven.java:173)
	at org.apache.maven.DefaultMaven.execute(DefaultMaven.java:101)
	at org.apache.maven.cli.MavenCli.execute(MavenCli.java:827)
	at org.apache.maven.cli.MavenCli.doMain(MavenCli.java:272)
	at org.apache.maven.cli.MavenCli.main(MavenCli.java:195)
	at java.base/jdk.internal.reflect.DirectMethodHandleAccessor.invoke(DirectMethodHandleAccessor.java:104)
	at java.base/java.lang.reflect.Method.invoke(Method.java:578)
	at org.codehaus.plexus.classworlds.launcher.Launcher.launchEnhanced(Launcher.java:282)
	at org.codehaus.plexus.classworlds.launcher.Launcher.launch(Launcher.java:225)
	at org.codehaus.plexus.classworlds.launcher.Launcher.mainWithExitCode(Launcher.java:406)
	at org.codehaus.plexus.classworlds.launcher.Launcher.main(Launcher.java:347)
]]></failure>
    <system-out><![CDATA[Request method:	GET
Request URI:	https://nonprodqaapi.bidgely.com/oauth/token?grant_type=client_credentials&scope=all
Proxy:			<none>
Request params:	grant_type=client_credentials
				scope=all
Query params:	grant_type=client_credentials
				scope=all
Form params:	<none>
Path params:	<none>
Headers:		Accept=*/*
				Content-Type=application/json
Cookies:		<none>
Multiparts:		<none>
Body:			<none>
{
    "access_token": "7e163e0e-5f99-416b-bbbd-7b63402d67a1",
    "token_type": "bearer",
    "expires_in": 42461,
    "scope": "all",
    "url": "?uuid=all"
}
/var/folders/1h/99zc6wxn5wl5pgrr72fz1tvm0000gp/T/USERENROLL_D_6004010007085589822618238744.csv
Request method:	GET
Request URI:	https://nonprodqaapi.bidgely.com/v2.0/users/?partnerUserId=535909459
Proxy:			<none>
Request params:	<none>
Query params:	partnerUserId=535909459
Form params:	<none>
Path params:	<none>
Headers:		Authorization=Bearer7e163e0e-5f99-416b-bbbd-7b63402d67a1
				Accept=*/*
				Content-Type=application/json
Cookies:		<none>
Multiparts:		<none>
Body:			<none>
{
    "requestId": null,
    "payload": {
        "data": [
            {
                "uuid": "71692ff3-2c1a-4862-bafc-e67833459a24",
                "createdOn": 1683388488,
                "secondaryEmail": null,
                "firstName": "DP1278-test-484563881",
                "lastLogin": null,
                "lastModified": 1683388489,
                "lastAccessTimestamp": null,
                "lastName": "user",
                "locale": null,
                "partnerUserId": "535909459",
                "userUrl": null,
                "endPointsUrl": null,
                "pilotId": 10057,
                "roleId": "ROLE_USER",
                "status": "ENABLED",
                "userId": 0,
                "userName": "support+71692ff3-2c1a-4862-bafc-e67833459a24@bidgely.com",
                "homeAccounts": {
                    "address": "221B Baker Street",
                    "addressType": null,
                    "appliances": [
                        
                    ],
                    "city": "SAINT CHARLES",
                    "countryCode": "US",
                    "regionCode": null,
                    "locality": null,
                    "hasSolar": false,
                    "neighbourhoodId": 0,
                    "neighbourhoodType": 10057,
                    "numBedrooms": null,
                    "floors": null,
                    "numOccupants": 0,
                    "occupantType": null,
                    "ownershipType": null,
                    "phoneNumber": null,
                    "secondaryPhoneNumber": null,
                    "postalCode": "6883",
                    "propertyAgeType": null,
                    "propertyType": "Unknown",
                    "rate": {
                        "billCycleCode": null,
                        "billStart": 1,
                        "dailyUsageDownAlertPercent": 50.0,
                        "dailyUsageUpAlertPercent": 50.0,
                        "lseId": null,
                        "masterTariffId": null,
                        "planName": null,
                        "planNumber": -1,
                        "rate": 0.1,
                        "ratePlanId": null,
                        "rateQuery": null,
                        "rateType": "",
                        "ratePlanType": null,
                        "utilityId": 10057,
                        "utilityName": null,
                        "utilityPassword": null,
                        "utilityUserName": null
                    },
                    "showDevicePairing": false,
                    "billingSchedule": null,
                    "ratesSchedule": null,
                    "ratePlans": null,
                    "state": "MO",
                    "supplementaryNhoodIds": "",
                    "timeZone": "CST6CDT",
                    "spaceHeatingType": null,
                    "waterHeatingType": null,
                    "lastRawDataArchivedTS": 0,
                    "webDataFlowTimeStamp": null,
                    "mobileDataFlowTimeStamp": null,
                    "yearBuilt": null,
                    "profileValidSinceEpoch": null,
                    "budgetThresholdAmount": null,
                    "smartBudgetEnabled": null,
                    "lastStreamedBillProjection": null,
                    "businessName": null,
                    "userSegment": "RESIDENTIAL",
                    "userBusinessType": {
                        "businessType": null,
                        "providedBusinessType": null
                    },
                    "partnerProvidedUserBusinessType": null,
                    "userBusinessSubType": {
                        "businessSubType": null,
                        "providedBusinessSubType": null
                    },
                    "businessTimings": {
                        "businessDays": {
                            "MONDAY": {
                                "startHour": null,
                                "startMinute": null,
                                "endHour": null,
                                "endMinute": null,
                                "workingDay": false
                            },
                            "TUESDAY": {
                                "startHour": null,
                                "startMinute": null,
                                "endHour": null,
                                "endMinute": null,
                                "workingDay": false
                            },
                            "WEDNESDAY": {
                                "startHour": null,
                                "startMinute": null,
                                "endHour": null,
                                "endMinute": null,
                                "workingDay": false
                            },
                            "THURSDAY": {
                                "startHour": null,
                                "startMinute": null,
                                "endHour": null,
                                "endMinute": null,
                                "workingDay": false
                            },
                            "FRIDAY": {
                                "startHour": null,
                                "startMinute": null,
                                "endHour": null,
                                "endMinute": null,
                                "workingDay": false
                            },
                            "SATURDAY": {
                                "startHour": null,
                                "startMinute": null,
                                "endHour": null,
                                "endMinute": null,
                                "workingDay": false
                            },
                            "SUNDAY": {
                                "startHour": null,
                                "startMinute": null,
                                "endHour": null,
                                "endMinute": null,
                                "workingDay": false
                            }
                        }
                    },
                    "businessCode": null,
                    "premiseId": null,
                    "propertyArea": null,
                    "mailingAddress": "{\"addressLine1\":\"\",\"addressLine2\":\"\",\"city\":\"\",\"state\":\"\",\"zipcode\":\"\",\"context\":null}",
                    "addressMatchingThirdPartyData": null,
                    "s3FileDumpState": null
                },
                "attributes": null,
                "rolescope": null,
                "userTag": null,
                "notificationUserType": "OPT_OUT",
                "utilityTags": {
                    "account_number": "535909459",
                    "account_and_premise_number": "535909459:985637991",
                    "customer_id": "484563881"
                },
                "meterId": null,
                "userConsentStatus": "OBTAINED",
                "email": "moorthi+484563881@bidgely.com"
            }
        ],
        "facet": {
            "total": 1,
            "limit": 1,
            "offset": 1
        }
    },
    "error": null
}
Request method:	GET
Request URI:	https://nonprodqaapi.bidgely.com/entities/pilot/10057/configs/launchpad_ingestion_configs
Proxy:			<none>
Request params:	<none>
Query params:	<none>
Form params:	<none>
Path params:	pilotId=10057
Headers:		Authorization=Bearer7e163e0e-5f99-416b-bbbd-7b63402d67a1
				Accept=*/*
				Content-Type=application/json
Cookies:		<none>
Multiparts:		<none>
Body:			<none>
{
    "launchpad_ingestion_configs": "{\"kvs\":[{\"key\":\"invoice_data_consumption_storage_unit_map\",\"val\":\"{\\\"ELECTRIC\\\":\\\"kWh\\\",\\\"GAS\\\":\\\"kWh\\\",\\\"WATER\\\":\\\"CCF\\\"}\",\"version\":6,\"lastUpdatedTimestamp\":1612512420},{\"key\":\"create_bc_till_rawdata_endtime\",\"val\":\"false\",\"version\":4,\"lastUpdatedTimestamp\":1622446630},{\"key\":\"parser_time_zone\",\"val\":\"CST6CDT\",\"version\":1,\"lastUpdatedTimestamp\":1620372780},{\"key\":\"enable_multi_granularity_support\",\"val\":\"true\",\"version\":9,\"lastUpdatedTimestamp\":1646114217},{\"key\":\"invoice_data_date_type\",\"val\":\"DATE\",\"version\":1,\"lastUpdatedTimestamp\":1620372780},{\"key\":\"handle_meter_enrollment\",\"val\":\"true\",\"version\":1,\"lastUpdatedTimestamp\":1620372780},{\"key\":\"raw_data_granularity\",\"val\":\"900\",\"version\":1,\"lastUpdatedTimestamp\":1620372780},{\"key\":\"invoice_data_consumption_unit_map\",\"val\":\"{\\\"ELECTRIC\\\":\\\"kWh\\\",\\\"GAS\\\":\\\"CCF\\\"}\",\"version\":9,\"lastUpdatedTimestamp\":1646114217},{\"key\":\"partnerUserIdNewFormatEnabled\",\"val\":\"false\",\"version\":5,\"lastUpdatedTimestamp\":1616398311},{\"key\":\"block_raw_data_ingestion_for_inactive_users\",\"val\":\"false\",\"version\":5,\"lastUpdatedTimestamp\":1620647237},{\"key\":\"invoice_data_consumption_unit\",\"val\":\"kWh\",\"version\":10,\"lastUpdatedTimestamp\":1646114217},{\"key\":\"enable_same_meter_updation\",\"val\":\"false\",\"version\":10,\"lastUpdatedTimestamp\":1646114222},{\"key\":\"cluster_preference_delimiter\",\"val\":\"\\\\|\",\"version\":5,\"lastUpdatedTimestamp\":1658228059},{\"key\":\"utility_name\",\"val\":\"AMEREN\",\"version\":1,\"lastUpdatedTimestamp\":1620372780},{\"key\":\"raw_data_consumption_unit_map\",\"val\":\"{\\\"ELECTRIC\\\":\\\"kWh\\\",\\\"GAS\\\":\\\"CCF\\\"}\",\"version\":9,\"lastUpdatedTimestamp\":1646114217},{\"key\":\"isEndDateInclusive\",\"val\":\"false\",\"version\":2,\"lastUpdatedTimestamp\":1620373366},{\"key\":\"raw_data_consumption_unit\",\"val\":\"KWh\",\"version\":1,\"lastUpdatedTimestamp\":1620372780},{\"key\":\"bidgely_identifier_format\",\"val\":\"version2\",\"version\":1,\"lastUpdatedTimestamp\":1620372780},{\"key\":\"program_part_date_format\",\"val\":\"yyyy-MM-dd\",\"version\":5,\"lastUpdatedTimestamp\":1587394456},{\"key\":\"user_creation_country\",\"val\":\"US\",\"version\":1,\"lastUpdatedTimestamp\":1620372780},{\"key\":\"default_user_consent_status\",\"val\":\"OBTAINED\",\"version\":9,\"lastUpdatedTimestamp\":1601358146},{\"key\":\"block_billing_data_ingestion_for_inactive_users\",\"val\":\"false\",\"version\":18,\"lastUpdatedTimestamp\":1652103814},{\"key\":\"invoice_parser_delimiter\",\"val\":\"\\\\|\",\"version\":1,\"lastUpdatedTimestamp\":1620372780},{\"key\":\"bc_schedule_date_format\",\"val\":\"yyyy-MM-dd\",\"version\":4,\"lastUpdatedTimestamp\":1620641458},{\"key\":\"raw_data_date_type\",\"val\":\"TIMESTAMP\",\"version\":2,\"lastUpdatedTimestamp\":1620372780},{\"key\":\"handleBCTransition\",\"val\":\"true\",\"version\":1,\"lastUpdatedTimestamp\":1620372780},{\"key\":\"program_part_delimiter\",\"val\":\"\\\\|\",\"version\":5,\"lastUpdatedTimestamp\":1587394456},{\"key\":\"default_user_segment\",\"val\":\"RESIDENTIAL\",\"version\":10,\"lastUpdatedTimestamp\":1601358146},{\"key\":\"rawDataDateFormat\",\"val\":\"\"},{\"key\":\"default_invoice_code\",\"val\":\"CHANGING_BILL_CYCLE_AND_CHANGING_CONSUMPTION\",\"version\":2,\"lastUpdatedTimestamp\":1620373366},{\"key\":\"user_creation_parser_delimiter\",\"val\":\"\\\\|\",\"version\":1,\"lastUpdatedTimestamp\":1620372780},{\"key\":\"bc_schedule_parser_delimiter\",\"val\":\"\\\\|\",\"version\":1,\"lastUpdatedTimestamp\":1620372780},{\"key\":\"supported_meter_types\",\"val\":\"[\\\"AMI\\\",\\\"AMR\\\"]\",\"version\":1,\"lastUpdatedTimestamp\":1620372780},{\"key\":\"invoice_data_date_format\",\"val\":\"yyyy-MM-dd\",\"version\":1,\"lastUpdatedTimestamp\":1620372780},{\"key\":\"user_enrollment_date_format\",\"val\":\"yyyy-MM-dd\",\"version\":1,\"lastUpdatedTimestamp\":1620372780},{\"key\":\"raw_data_date_format\",\"val\":\"yyyy-MM-dd\",\"version\":1,\"lastUpdatedTimestamp\":1620372780},{\"key\":\"handleRateTransition\",\"val\":\"true\",\"version\":1,\"lastUpdatedTimestamp\":1620372780},{\"key\":\"defaultNotificationUserType\",\"val\":\"OPT_OUT\",\"version\":7,\"lastUpdatedTimestamp\":1626693744},{\"key\":\"raw_data_time_unit\",\"val\":\"S\",\"version\":1,\"lastUpdatedTimestamp\":1620372780},{\"key\":\"user_preference_delimiter\",\"val\":\"\\\\|\",\"version\":8,\"lastUpdatedTimestamp\":1626693754},{\"key\":\"raw_data_parser_delimiter\",\"val\":\"\\\\|\",\"version\":1,\"lastUpdatedTimestamp\":1620372780},{\"key\":\"is_raw_data_timestamp_in_utc\",\"val\":\"true\",\"version\":1,\"lastUpdatedTimestamp\":1620373366}]}"
}
{"kvs":[{"key":"invoice_data_consumption_storage_unit_map","val":"{\"ELECTRIC\":\"kWh\",\"GAS\":\"kWh\",\"WATER\":\"CCF\"}","version":6,"lastUpdatedTimestamp":1612512420},{"key":"create_bc_till_rawdata_endtime","val":"false","version":4,"lastUpdatedTimestamp":1622446630},{"key":"parser_time_zone","val":"CST6CDT","version":1,"lastUpdatedTimestamp":1620372780},{"key":"enable_multi_granularity_support","val":"true","version":9,"lastUpdatedTimestamp":1646114217},{"key":"invoice_data_date_type","val":"DATE","version":1,"lastUpdatedTimestamp":1620372780},{"key":"handle_meter_enrollment","val":"true","version":1,"lastUpdatedTimestamp":1620372780},{"key":"raw_data_granularity","val":"900","version":1,"lastUpdatedTimestamp":1620372780},{"key":"invoice_data_consumption_unit_map","val":"{\"ELECTRIC\":\"kWh\",\"GAS\":\"CCF\"}","version":9,"lastUpdatedTimestamp":1646114217},{"key":"partnerUserIdNewFormatEnabled","val":"false","version":5,"lastUpdatedTimestamp":1616398311},{"key":"block_raw_data_ingestion_for_inactive_users","val":"false","version":5,"lastUpdatedTimestamp":1620647237},{"key":"invoice_data_consumption_unit","val":"kWh","version":10,"lastUpdatedTimestamp":1646114217},{"key":"enable_same_meter_updation","val":"false","version":10,"lastUpdatedTimestamp":1646114222},{"key":"cluster_preference_delimiter","val":"|","version":5,"lastUpdatedTimestamp":1658228059},{"key":"utility_name","val":"AMEREN","version":1,"lastUpdatedTimestamp":1620372780},{"key":"raw_data_consumption_unit_map","val":"{\"ELECTRIC\":\"kWh\",\"GAS\":\"CCF\"}","version":9,"lastUpdatedTimestamp":1646114217},{"key":"isEndDateInclusive","val":"false","version":2,"lastUpdatedTimestamp":1620373366},{"key":"raw_data_consumption_unit","val":"KWh","version":1,"lastUpdatedTimestamp":1620372780},{"key":"bidgely_identifier_format","val":"version2","version":1,"lastUpdatedTimestamp":1620372780},{"key":"program_part_date_format","val":"yyyy-MM-dd","version":5,"lastUpdatedTimestamp":1587394456},{"key":"user_creation_country","val":"US","version":1,"lastUpdatedTimestamp":1620372780},{"key":"default_user_consent_status","val":"OBTAINED","version":9,"lastUpdatedTimestamp":1601358146},{"key":"block_billing_data_ingestion_for_inactive_users","val":"false","version":18,"lastUpdatedTimestamp":1652103814},{"key":"invoice_parser_delimiter","val":"|","version":1,"lastUpdatedTimestamp":1620372780},{"key":"bc_schedule_date_format","val":"yyyy-MM-dd","version":4,"lastUpdatedTimestamp":1620641458},{"key":"raw_data_date_type","val":"TIMESTAMP","version":2,"lastUpdatedTimestamp":1620372780},{"key":"handleBCTransition","val":"true","version":1,"lastUpdatedTimestamp":1620372780},{"key":"program_part_delimiter","val":"|","version":5,"lastUpdatedTimestamp":1587394456},{"key":"default_user_segment","val":"RESIDENTIAL","version":10,"lastUpdatedTimestamp":1601358146},{"key":"rawDataDateFormat","val":""},{"key":"default_invoice_code","val":"CHANGING_BILL_CYCLE_AND_CHANGING_CONSUMPTION","version":2,"lastUpdatedTimestamp":1620373366},{"key":"user_creation_parser_delimiter","val":"|","version":1,"lastUpdatedTimestamp":1620372780},{"key":"bc_schedule_parser_delimiter","val":"|","version":1,"lastUpdatedTimestamp":1620372780},{"key":"supported_meter_types","val":"[\"AMI\",\"AMR\"]","version":1,"lastUpdatedTimestamp":1620372780},{"key":"invoice_data_date_format","val":"yyyy-MM-dd","version":1,"lastUpdatedTimestamp":1620372780},{"key":"user_enrollment_date_format","val":"yyyy-MM-dd","version":1,"lastUpdatedTimestamp":1620372780},{"key":"raw_data_date_format","val":"yyyy-MM-dd","version":1,"lastUpdatedTimestamp":1620372780},{"key":"handleRateTransition","val":"true","version":1,"lastUpdatedTimestamp":1620372780},{"key":"defaultNotificationUserType","val":"OPT_OUT","version":7,"lastUpdatedTimestamp":1626693744},{"key":"raw_data_time_unit","val":"S","version":1,"lastUpdatedTimestamp":1620372780},{"key":"user_preference_delimiter","val":"|","version":8,"lastUpdatedTimestamp":1626693754},{"key":"raw_data_parser_delimiter","val":"|","version":1,"lastUpdatedTimestamp":1620372780},{"key":"is_raw_data_timestamp_in_utc","val":"true","version":1,"lastUpdatedTimestamp":1620373366}]}
Request method:	GET
Request URI:	https://nonprodqaapi.bidgely.com/v2.0/users/71692ff3-2c1a-4862-bafc-e67833459a24
Proxy:			<none>
Request params:	<none>
Query params:	<none>
Form params:	<none>
Path params:	uuid=71692ff3-2c1a-4862-bafc-e67833459a24
Headers:		Authorization=Bearer7e163e0e-5f99-416b-bbbd-7b63402d67a1
				Accept=*/*
				Content-Type=application/json
Cookies:		<none>
Multiparts:		<none>
Body:			<none>
{
    "requestId": "02ea917d-b92a-4c3b-965f-9edbcc878416",
    "payload": {
        "uuid": "71692ff3-2c1a-4862-bafc-e67833459a24",
        "createdOn": 1683388488,
        "secondaryEmail": null,
        "firstName": "DP1278-test-484563881",
        "lastLogin": 0,
        "lastModified": 1683388489,
        "lastAccessTimestamp": 0,
        "lastName": "user",
        "locale": null,
        "partnerUserId": "535909459",
        "userUrl": "https://nonprodqaapi.bidgely.com/v2.0/users/71692ff3-2c1a-4862-bafc-e67833459a24",
        "endPointsUrl": "https://nonprodqaapi.bidgely.com/v2.0/users/71692ff3-2c1a-4862-bafc-e67833459a24/endpoints",
        "pilotId": 10057,
        "roleId": "ROLE_USER",
        "status": "ENABLED",
        "userId": 0,
        "userName": "support+71692ff3-2c1a-4862-bafc-e67833459a24@bidgely.com",
        "homeAccounts": {
            "address": "221B Baker Street",
            "addressType": null,
            "appliances": null,
            "city": "SAINT CHARLES",
            "countryCode": "US",
            "regionCode": null,
            "locality": null,
            "hasSolar": false,
            "neighbourhoodId": 0,
            "neighbourhoodType": 10057,
            "numBedrooms": null,
            "floors": null,
            "numOccupants": 0,
            "occupantType": null,
            "ownershipType": null,
            "phoneNumber": null,
            "secondaryPhoneNumber": null,
            "postalCode": "6883",
            "propertyAgeType": null,
            "propertyType": "Unknown",
            "rate": {
                "billCycleCode": null,
                "billStart": 1,
                "dailyUsageDownAlertPercent": 50.0,
                "dailyUsageUpAlertPercent": 50.0,
                "lseId": null,
                "masterTariffId": null,
                "planName": null,
                "planNumber": -1,
                "rate": 0.1,
                "ratePlanId": null,
                "rateQuery": null,
                "rateType": "",
                "ratePlanType": null,
                "utilityId": 10057,
                "utilityName": null,
                "utilityPassword": null,
                "utilityUserName": null
            },
            "showDevicePairing": false,
            "billingSchedule": null,
            "ratesSchedule": null,
            "ratePlans": null,
            "state": "MO",
            "supplementaryNhoodIds": "",
            "timeZone": "CST6CDT",
            "spaceHeatingType": null,
            "waterHeatingType": null,
            "lastRawDataArchivedTS": 0,
            "webDataFlowTimeStamp": null,
            "mobileDataFlowTimeStamp": null,
            "yearBuilt": null,
            "profileValidSinceEpoch": null,
            "budgetThresholdAmount": null,
            "smartBudgetEnabled": null,
            "lastStreamedBillProjection": null,
            "businessName": null,
            "userSegment": "RESIDENTIAL",
            "userBusinessType": {
                "businessType": null,
                "providedBusinessType": null
            },
            "partnerProvidedUserBusinessType": null,
            "userBusinessSubType": {
                "businessSubType": null,
                "providedBusinessSubType": null
            },
            "businessTimings": {
                "businessDays": {
                    "MONDAY": {
                        "startHour": null,
                        "startMinute": null,
                        "endHour": null,
                        "endMinute": null,
                        "workingDay": false
                    },
                    "TUESDAY": {
                        "startHour": null,
                        "startMinute": null,
                        "endHour": null,
                        "endMinute": null,
                        "workingDay": false
                    },
                    "WEDNESDAY": {
                        "startHour": null,
                        "startMinute": null,
                        "endHour": null,
                        "endMinute": null,
                        "workingDay": false
                    },
                    "THURSDAY": {
                        "startHour": null,
                        "startMinute": null,
                        "endHour": null,
                        "endMinute": null,
                        "workingDay": false
                    },
                    "FRIDAY": {
                        "startHour": null,
                        "startMinute": null,
                        "endHour": null,
                        "endMinute": null,
                        "workingDay": false
                    },
                    "SATURDAY": {
                        "startHour": null,
                        "startMinute": null,
                        "endHour": null,
                        "endMinute": null,
                        "workingDay": false
                    },
                    "SUNDAY": {
                        "startHour": null,
                        "startMinute": null,
                        "endHour": null,
                        "endMinute": null,
                        "workingDay": false
                    }
                }
            },
            "businessCode": null,
            "premiseId": null,
            "propertyArea": null,
            "mailingAddress": "{\"addressLine1\":\"\",\"addressLine2\":\"\",\"city\":\"\",\"state\":\"\",\"zipcode\":\"\",\"context\":null}",
            "addressMatchingThirdPartyData": null,
            "s3FileDumpState": null
        },
        "attributes": null,
        "rolescope": null,
        "userTag": null,
        "notificationUserType": "OPT_OUT",
        "utilityTags": {
            "account_number": "535909459",
            "account_and_premise_number": "535909459:985637991",
            "customer_id": "484563881"
        },
        "meterId": null,
        "userConsentStatus": "OBTAINED",
        "email": "moorthi+484563881@bidgely.com"
    },
    "error": null
}
]]></system-out>
  </testcase>
  <testcase name="testFireHose" classname="Ingestion.UserIngestion" time="5.655">
    <failure message="class org.apache.spark.storage.StorageUtils$ (in unnamed module @0x7c6f91d2) cannot access class sun.nio.ch.DirectBuffer (in module java.base) because module java.base does not export sun.nio.ch to unnamed module @0x7c6f91d2" type="java.lang.IllegalAccessError"><![CDATA[java.lang.IllegalAccessError: class org.apache.spark.storage.StorageUtils$ (in unnamed module @0x7c6f91d2) cannot access class sun.nio.ch.DirectBuffer (in module java.base) because module java.base does not export sun.nio.ch to unnamed module @0x7c6f91d2
	at org.apache.spark.storage.StorageUtils$.<clinit>(StorageUtils.scala:213)
	at org.apache.spark.storage.BlockManagerMasterEndpoint.<init>(BlockManagerMasterEndpoint.scala:114)
	at org.apache.spark.SparkEnv$.$anonfun$create$9(SparkEnv.scala:358)
	at org.apache.spark.SparkEnv$.registerOrLookupEndpoint$1(SparkEnv.scala:295)
	at org.apache.spark.SparkEnv$.create(SparkEnv.scala:344)
	at org.apache.spark.SparkEnv$.createDriverEnv(SparkEnv.scala:196)
	at org.apache.spark.SparkContext.createSparkEnv(SparkContext.scala:279)
	at org.apache.spark.SparkContext.<init>(SparkContext.scala:464)
	at org.apache.spark.SparkContext$.getOrCreate(SparkContext.scala:2740)
	at org.apache.spark.sql.SparkSession$Builder.$anonfun$getOrCreate$2(SparkSession.scala:1026)
	at scala.Option.getOrElse(Option.scala:201)
	at org.apache.spark.sql.SparkSession$Builder.getOrCreate(SparkSession.scala:1020)
	at Ingestion.UserIngestion.testFireHose(UserIngestion.java:149)
	at java.base/jdk.internal.reflect.DirectMethodHandleAccessor.invoke(DirectMethodHandleAccessor.java:104)
	at java.base/java.lang.reflect.Method.invoke(Method.java:578)
	at org.testng.internal.invokers.MethodInvocationHelper.invokeMethod(MethodInvocationHelper.java:139)
	at org.testng.internal.invokers.TestInvoker.invokeMethod(TestInvoker.java:677)
	at org.testng.internal.invokers.TestInvoker.invokeTestMethod(TestInvoker.java:221)
	at org.testng.internal.invokers.MethodRunner.runInSequence(MethodRunner.java:50)
	at org.testng.internal.invokers.TestInvoker$MethodInvocationAgent.invoke(TestInvoker.java:969)
	at org.testng.internal.invokers.TestInvoker.invokeTestMethods(TestInvoker.java:194)
	at org.testng.internal.invokers.TestMethodWorker.invokeTestMethods(TestMethodWorker.java:148)
	at org.testng.internal.invokers.TestMethodWorker.run(TestMethodWorker.java:128)
	at java.base/java.util.ArrayList.forEach(ArrayList.java:1511)
	at org.testng.TestRunner.privateRun(TestRunner.java:829)
	at org.testng.TestRunner.run(TestRunner.java:602)
	at org.testng.SuiteRunner.runTest(SuiteRunner.java:437)
	at org.testng.SuiteRunner.runSequentially(SuiteRunner.java:431)
	at org.testng.SuiteRunner.privateRun(SuiteRunner.java:391)
	at org.testng.SuiteRunner.run(SuiteRunner.java:330)
	at org.testng.SuiteRunnerWorker.runSuite(SuiteRunnerWorker.java:52)
	at org.testng.SuiteRunnerWorker.run(SuiteRunnerWorker.java:95)
	at org.testng.TestNG.runSuitesSequentially(TestNG.java:1256)
	at org.testng.TestNG.runSuitesLocally(TestNG.java:1176)
	at org.testng.TestNG.runSuites(TestNG.java:1099)
	at org.testng.TestNG.run(TestNG.java:1067)
	at org.apache.maven.surefire.testng.TestNGExecutor.run(TestNGExecutor.java:324)
	at org.apache.maven.surefire.testng.TestNGXmlTestSuite.execute(TestNGXmlTestSuite.java:74)
	at org.apache.maven.surefire.testng.TestNGProvider.invoke(TestNGProvider.java:123)
	at java.base/jdk.internal.reflect.DirectMethodHandleAccessor.invoke(DirectMethodHandleAccessor.java:104)
	at java.base/java.lang.reflect.Method.invoke(Method.java:578)
	at org.apache.maven.surefire.api.util.ReflectionUtils.invokeMethodWithArray2(ReflectionUtils.java:183)
	at org.apache.maven.surefire.booter.ProviderFactory$ProviderProxy.invoke(ProviderFactory.java:161)
	at org.apache.maven.surefire.booter.ProviderFactory.invokeProvider(ProviderFactory.java:85)
	at org.apache.maven.plugin.surefire.InPluginVMSurefireStarter.runSuitesInProcess(InPluginVMSurefireStarter.java:92)
	at org.apache.maven.plugin.surefire.AbstractSurefireMojo.executeProvider(AbstractSurefireMojo.java:1310)
	at org.apache.maven.plugin.surefire.AbstractSurefireMojo.executeAfterPreconditionsChecked(AbstractSurefireMojo.java:1167)
	at org.apache.maven.plugin.surefire.AbstractSurefireMojo.execute(AbstractSurefireMojo.java:931)
	at org.apache.maven.plugin.DefaultBuildPluginManager.executeMojo(DefaultBuildPluginManager.java:126)
	at org.apache.maven.lifecycle.internal.MojoExecutor.doExecute2(MojoExecutor.java:342)
	at org.apache.maven.lifecycle.internal.MojoExecutor.doExecute(MojoExecutor.java:330)
	at org.apache.maven.lifecycle.internal.MojoExecutor.execute(MojoExecutor.java:213)
	at org.apache.maven.lifecycle.internal.MojoExecutor.execute(MojoExecutor.java:175)
	at org.apache.maven.lifecycle.internal.MojoExecutor.access$000(MojoExecutor.java:76)
	at org.apache.maven.lifecycle.internal.MojoExecutor$1.run(MojoExecutor.java:163)
	at org.apache.maven.plugin.DefaultMojosExecutionStrategy.execute(DefaultMojosExecutionStrategy.java:39)
	at org.apache.maven.lifecycle.internal.MojoExecutor.execute(MojoExecutor.java:160)
	at org.apache.maven.lifecycle.internal.LifecycleModuleBuilder.buildProject(LifecycleModuleBuilder.java:105)
	at org.apache.maven.lifecycle.internal.LifecycleModuleBuilder.buildProject(LifecycleModuleBuilder.java:73)
	at org.apache.maven.lifecycle.internal.builder.singlethreaded.SingleThreadedBuilder.build(SingleThreadedBuilder.java:53)
	at org.apache.maven.lifecycle.internal.LifecycleStarter.execute(LifecycleStarter.java:118)
	at org.apache.maven.DefaultMaven.doExecute(DefaultMaven.java:261)
	at org.apache.maven.DefaultMaven.doExecute(DefaultMaven.java:173)
	at org.apache.maven.DefaultMaven.execute(DefaultMaven.java:101)
	at org.apache.maven.cli.MavenCli.execute(MavenCli.java:827)
	at org.apache.maven.cli.MavenCli.doMain(MavenCli.java:272)
	at org.apache.maven.cli.MavenCli.main(MavenCli.java:195)
	at java.base/jdk.internal.reflect.DirectMethodHandleAccessor.invoke(DirectMethodHandleAccessor.java:104)
	at java.base/java.lang.reflect.Method.invoke(Method.java:578)
	at org.codehaus.plexus.classworlds.launcher.Launcher.launchEnhanced(Launcher.java:282)
	at org.codehaus.plexus.classworlds.launcher.Launcher.launch(Launcher.java:225)
	at org.codehaus.plexus.classworlds.launcher.Launcher.mainWithExitCode(Launcher.java:406)
	at org.codehaus.plexus.classworlds.launcher.Launcher.main(Launcher.java:347)
]]></failure>
    <system-out><![CDATA[Request method:	GET
Request URI:	https://nonprodqaapi.bidgely.com/oauth/token?grant_type=client_credentials&scope=all
Proxy:			<none>
Request params:	grant_type=client_credentials
				scope=all
Query params:	grant_type=client_credentials
				scope=all
Form params:	<none>
Path params:	<none>
Headers:		Accept=*/*
				Content-Type=application/json
Cookies:		<none>
Multiparts:		<none>
Body:			<none>
{
    "access_token": "7e163e0e-5f99-416b-bbbd-7b63402d67a1",
    "token_type": "bearer",
    "expires_in": 42444,
    "scope": "all",
    "url": "?uuid=all"
}
]]></system-out>
    <system-err><![CDATA[Using Spark's default log4j profile: org/apache/spark/log4j2-defaults.properties
23/05/06 21:25:07 INFO SparkContext: Running Spark version 3.4.0
23/05/06 21:25:07 WARN NativeCodeLoader: Unable to load native-hadoop library for your platform... using builtin-java classes where applicable
23/05/06 21:25:07 INFO ResourceUtils: ==============================================================
23/05/06 21:25:07 INFO ResourceUtils: No custom resources configured for spark.driver.
23/05/06 21:25:07 INFO ResourceUtils: ==============================================================
23/05/06 21:25:07 INFO SparkContext: Submitted application: My Application
23/05/06 21:25:07 INFO ResourceProfile: Default ResourceProfile created, executor resources: Map(cores -> name: cores, amount: 1, script: , vendor: , memory -> name: memory, amount: 1024, script: , vendor: , offHeap -> name: offHeap, amount: 0, script: , vendor: ), task resources: Map(cpus -> name: cpus, amount: 1.0)
23/05/06 21:25:07 INFO ResourceProfile: Limiting resource is cpu
23/05/06 21:25:07 INFO ResourceProfileManager: Added ResourceProfile id: 0
23/05/06 21:25:07 INFO SecurityManager: Changing view acls to: rohitjain
23/05/06 21:25:07 INFO SecurityManager: Changing modify acls to: rohitjain
23/05/06 21:25:07 INFO SecurityManager: Changing view acls groups to: 
23/05/06 21:25:07 INFO SecurityManager: Changing modify acls groups to: 
23/05/06 21:25:07 INFO SecurityManager: SecurityManager: authentication disabled; ui acls disabled; users with view permissions: rohitjain; groups with view permissions: EMPTY; users with modify permissions: rohitjain; groups with modify permissions: EMPTY
23/05/06 21:25:07 INFO Utils: Successfully started service 'sparkDriver' on port 57940.
23/05/06 21:25:07 INFO SparkEnv: Registering MapOutputTracker
23/05/06 21:25:07 INFO SparkEnv: Registering BlockManagerMaster
23/05/06 21:25:07 INFO BlockManagerMasterEndpoint: Using org.apache.spark.storage.DefaultTopologyMapper for getting topology information
23/05/06 21:25:07 INFO BlockManagerMasterEndpoint: BlockManagerMasterEndpoint up
]]></system-err>
  </testcase>
</testsuite>