<?xml version="1.0" encoding="UTF-8"?>
<testng-results ignored="1" total="2" passed="1" failed="0" skipped="0">
  <reporter-output>
  </reporter-output>
  <suite started-at="2023-05-06T21:12:23 IST" name="PlatformAutomation" finished-at="2023-05-06T21:13:30 IST" duration-ms="67373">
    <groups>
    </groups>
    <test started-at="2023-05-06T21:12:23 IST" name="/Users/akhilsharma/IdeaProjects/PlatformAutomation" finished-at="2023-05-06T21:13:30 IST" duration-ms="67373">
      <class name="Ingestion.UserIngestion">
        <test-method is-config="true" signature="generateToken()[pri:0, instance:Ingestion.UserIngestion@28276e50]" started-at="2023-05-06T21:12:23 IST" name="generateToken" finished-at="2023-05-06T21:12:26 IST" duration-ms="2879" status="PASS">
          <reporter-output>
          </reporter-output>
        </test-method> <!-- generateToken -->
        <test-method signature="testFireHose()[pri:0, instance:Ingestion.UserIngestion@28276e50]" started-at="2023-05-06T21:12:26 IST" name="testFireHose" finished-at="2023-05-06T21:13:30 IST" duration-ms="64377" status="PASS">
          <reporter-output>
          </reporter-output>
        </test-method> <!-- testFireHose -->
      </class> <!-- Ingestion.UserIngestion -->
    </test> <!-- /Users/akhilsharma/IdeaProjects/PlatformAutomation -->
  </suite> <!-- PlatformAutomation -->
</testng-results>
