<?xml version="1.0" encoding="UTF-8"?>
<!-- Generated by org.testng.reporters.JUnitXMLReporter -->
<testsuite ignored="1" hostname="Admins-MacBook-Pro.local" failures="0" tests="1" name="/Users/akhilsharma/IdeaProjects/PlatformAutomation" time="67.373" errors="0" timestamp="2023-05-06T21:13:35 IST">
  <testcase classname="Ingestion.UserIngestion" name="testFireHose" time="64.377"/>
  <testcase classname="Ingestion.UserIngestion" name="fileIngestion" time="0.0">
    <ignored/>
  </testcase> <!-- fileIngestion -->
</testsuite> <!-- /Users/akhilsharma/IdeaProjects/PlatformAutomation -->
