<?xml version="1.0" encoding="UTF-8"?>
<!-- Generated by org.testng.reporters.JUnitXMLReporter -->
<testsuite ignored="1" hostname="Admins-MacBook-Pro.local" failures="0" tests="1" name="/Users/akhilsharma/IdeaProjects/PlatformAutomation" time="28.568" errors="0" timestamp="2023-05-03T11:14:41 IST">
  <testcase classname="Ingestion.UserIngestion" name="testFireHose" time="20.12"/>
  <testcase classname="Ingestion.UserIngestion" name="fileIngestion" time="0.0">
    <ignored/>
  </testcase> <!-- fileIngestion -->
</testsuite> <!-- /Users/akhilsharma/IdeaProjects/PlatformAutomation -->
